/
/favicon.ico
/retrieve-history?file=chathistory1.txt
/favicon.ico
/
/favicon.ico
/
/favicon.ico
/
/favicon.ico
/
/favicon.ico
/
/favicon.ico
/
/favicon.ico
/
/favicon.ico
/
/
/
/
/
/favicon.ico
/
/favicon.ico
/retrieve-history?file=chathistory1.txt
/favicon.ico
/retrieve-history?file=chathistory2.txt
/favicon.ico
/retrieve-history?file=chathistory2.txt
/favicon.ico
/retrieve-history?file=chathistory2.txt
/favicon.ico
/retrieve-history?file=chathistory1.txt
/favicon.ico
/
/favicon.ico
/semantic-analysis?user=onat
/favicon.ico
/semantic-analysis?user=cesar
/favicon.ico
